<?xml version="1.0" encoding="UTF-8" ?>
<testsuite errors="0" failures="0" hostname="slogum-laptop" name="com.forgerock.openconnector.xml.XMLHandlerTests" tests="3" time="0.085" timestamp="2011-02-01T18:27:28">
  <properties>
    <property name="java.vendor" value="Sun Microsystems Inc." />
    <property name="netbeans.user" value="/home/slogum/Software/GlassFishESBv22/.netbeans/glassfishesb" />
    <property name="sun.java.launcher" value="SUN_STANDARD" />
    <property name="sun.management.compiler" value="HotSpot Tiered Compilers" />
    <property name="ant.file.connector-xml" value="/home/slogum/workspace/Forgerock/connectorFramework/connector_toolkit-1.0.4709/XML/build.xml" />
    <property name="netbeans.autoupdate.version" value="1.23" />
    <property name="dist" value="dist" />
    <property name="contract-package" value="org.identityconnectors.contract" />
    <property name="lib" value="lib" />
    <property name="ant.file.connector-build" value="/home/slogum/workspace/Forgerock/connectorFramework/connector_toolkit-1.0.4709/connector_build.xml" />
    <property name="javadoc.author" value="true" />
    <property name="os.name" value="Linux" />
    <property name="java.target" value="1.5" />
    <property name="sun.boot.class.path" value="/usr/lib/jvm/java-6-openjdk/jre/lib/resources.jar:/usr/lib/jvm/java-6-openjdk/jre/lib/rt.jar:/usr/lib/jvm/java-6-openjdk/jre/lib/sunrsasign.jar:/usr/lib/jvm/java-6-openjdk/jre/lib/jsse.jar:/usr/lib/jvm/java-6-openjdk/jre/lib/jce.jar:/usr/lib/jvm/java-6-openjdk/jre/lib/charsets.jar:/usr/lib/jvm/java-6-openjdk/jre/lib/netx.jar:/usr/lib/jvm/java-6-openjdk/jre/lib/plugin.jar:/usr/lib/jvm/java-6-openjdk/jre/lib/rhino.jar:/usr/lib/jvm/java-6-openjdk/jre/lib/modules/jdk.boot.jar:/usr/lib/jvm/java-6-openjdk/jre/classes" />
    <property name="netbeans.importclass" value="org.netbeans.upgrade.AutoUpgrade" />
    <property name="sun.desktop" value="gnome" />
    <property name="userlib" value="/home/slogum/.connectors/connector-xml/lib" />
    <property name="java.vm.specification.vendor" value="Sun Microsystems Inc." />
    <property name="net.sourceforge.cobertura.datafile" value="/home/slogum/workspace/Forgerock/connectorFramework/connector_toolkit-1.0.4709/XML/cobertura.ser" />
    <property name="ant.home" value="/home/slogum/Software/GlassFishESBv22/netbeans/java2/ant" />
    <property name="java.runtime.version" value="1.6.0_20-b20" />
    <property name="netbeans.accept_license_class" value="org.netbeans.license.AcceptLicense" />
    <property name="user.name" value="slogum" />
    <property name="reports" value="reports" />
    <property name="nb.show.statistics.ui" value="usageStatisticsEnabled" />
    <property name="license.file" value="/home/slogum/workspace/Forgerock/connectorFramework/connector_toolkit-1.0.4709/license.txt" />
    <property name="user.language" value="en" />
    <property name="build" value="build" />
    <property name="sun.boot.library.path" value="/usr/lib/jvm/java-6-openjdk/jre/lib/i386" />
    <property name="ant.project.name" value="connector-xml" />
    <property name="java.version" value="1.6.0_20" />
    <property name="user.timezone" value="" />
    <property name="sun.arch.data.model" value="32" />
    <property name="http.nonProxyHosts" value="localhost|127.0.0.1|slogum-laptop" />
    <property name="java.endorsed.dirs" value="/usr/lib/jvm/java-6-openjdk/jre/lib/endorsed" />
    <property name="com.sun.aas.installRoot" value="/home/slogum/GlassFishESBv22/glassfish" />
    <property name="sun.cpu.isalist" value="" />
    <property name="instrumented" value="instrumented" />
    <property name="sun.jnu.encoding" value="UTF-8" />
    <property name="file.encoding.pkg" value="sun.io" />
    <property name="file.separator" value="/" />
    <property name="java.specification.name" value="Java Platform API Specification" />
    <property name="java.class.version" value="50.0" />
    <property name="src" value="src" />
    <property name="zip.file" value="Connector-XML-1.0.0.zip" />
    <property name="user.country" value="US" />
    <property name="java.home" value="/usr/lib/jvm/java-6-openjdk/jre" />
    <property name="netbeans.buildnumber" value="200912141238" />
    <property name="java.vm.info" value="mixed mode" />
    <property name="nb.registration.enabled" value="false" />
    <property name="org.openide.version" value="deprecated" />
    <property name="org.openide.TopManager" value="org.netbeans.core.NonGui" />
    <property name="java.source" value="1.5" />
    <property name="ant.file" value="/home/slogum/workspace/Forgerock/connectorFramework/connector_toolkit-1.0.4709/XML/build.xml" />
    <property name="os.version" value="2.6.35-24-generic-pae" />
    <property name="netbeans.system_http_proxy" value="DIRECT" />
    <property name="netbeans.hash.code" value="unique=NB_GLASSFISH_SOA0cf0fdd76-cc22-48d9-b34a-3c770c0c5bb2_83838b5c-db52-4b77-803c-4269d8758088" />
    <property name="ConnectorBundle-FrameworkVersion" value="1.0" />
    <property name="netbeans.autoupdate.country" value="US" />
    <property name="https.nonProxyHosts" value="localhost|127.0.0.1|slogum-laptop" />
    <property name="path.separator" value=":" />
    <property name="javax.accessibility.assistive_technologies" value="org.GNOME.Accessibility.JavaBridge" />
    <property name="java.vm.version" value="19.0-b09" />
    <property name="netbeans.dynamic.classpath" value="/home/slogum/Software/GlassFishESBv22/netbeans/platform10/core/core.jar:/home/slogum/Software/GlassFishESBv22/netbeans/platform10/core/org-openide-filesystems.jar:/home/slogum/Software/GlassFishESBv22/netbeans/nb6.7/core/org-netbeans-upgrader.jar:/home/slogum/Software/GlassFishESBv22/netbeans/nb6.7/core/locale/core_nb.jar" />
    <property name="java.awt.printerjob" value="sun.print.PSPrinterJob" />
    <property name="sun.io.unicode.encoding" value="UnicodeLittle" />
    <property name="netbeans.autoupdate.variant" value="" />
    <property name="framework.dir" value="/home/slogum/workspace/Forgerock/connectorFramework/connector_toolkit-1.0.4709" />
    <property name="org.openide.major.version" value="IDE/1" />
    <property name="useJavaUtilZip" value="true" />
    <property name="subversion.native.library" value="/usr/lib/jni/libsvnjavahl-1.so" />
    <property name="org.openide.TopManager.GUI" value="true" />
    <property name="netbeans.home" value="/home/slogum/Software/GlassFishESBv22/netbeans/platform10" />
    <property name="user.home" value="/home/slogum" />
    <property name="sun.awt.exception.handler" value="org.netbeans.core.startup.TopLogging$AWTHandler" />
    <property name="java.specification.vendor" value="Sun Microsystems Inc." />
    <property name="apple.laf.useScreenMenuBar" value="true" />
    <property name="org.xml.sax.driver" value="com.sun.org.apache.xerces.internal.jaxp.SAXParserImpl$JAXPSAXParser" />
    <property name="jar.file" value="dist/Connector-XML-1.0.0.jar" />
    <property name="java.vendor.url" value="http://java.sun.com/" />
    <property name="java.library.path" value="/usr/lib/jvm/java-6-openjdk/jre/lib/i386/server:/usr/lib/jvm/java-6-openjdk/jre/lib/i386:/usr/lib/jvm/java-6-openjdk/jre/../lib/i386:/usr/lib/jvm/java-6-openjdk/jre/lib/i386/client:/usr/lib/jvm/java-6-openjdk/jre/lib/i386:/usr/lib/jvm/java-6-openjdk/jre/../lib/i386:/usr/java/packages/lib/i386:/usr/lib/jni:/lib:/usr/lib" />
    <property name="java.vm.vendor" value="Sun Microsystems Inc." />
    <property name="ConnectorBundle-Name" value="Connector-XML" />
    <property name="java.debug" value="true" />
    <property name="java.runtime.name" value="OpenJDK Runtime Environment" />
    <property name="ant.version" value="Apache Ant version 1.7.1 compiled on June 27 2008" />
    <property name="contract.jar.file" value="reports/connector.jar" />
    <property name="netbeans.derby.system.home" value="/home/slogum/GlassFishESBv22/glassfish/databases" />
    <property name="java.class.path" value="/home/slogum/workspace/Forgerock/connectorFramework/connector_toolkit-1.0.4709/XML/src:/home/slogum/workspace/Forgerock/connectorFramework/connector_toolkit-1.0.4709/XML/lib/test/mockito-all-1.8.5.jar:/home/slogum/workspace/Forgerock/connectorFramework/connector_toolkit-1.0.4709/dist/connector-framework-internal-1.1.5559.jar:/home/slogum/workspace/Forgerock/connectorFramework/connector_toolkit-1.0.4709/XML/lib/build/jdom.jar:/home/slogum/workspace/Forgerock/connectorFramework/connector_toolkit-1.0.4709/dist/connector-framework-1.1.5559.jar:/home/slogum/workspace/Forgerock/connectorFramework/connector_toolkit-1.0.4709/dist/connector-framework-contract.jar:/home/slogum/workspace/Forgerock/connectorFramework/connector_toolkit-1.0.4709/dist/connector-test-common.jar:/home/slogum/workspace/Forgerock/connectorFramework/connector_toolkit-1.0.4709/dist/groovy-all.jar:/home/slogum/workspace/Forgerock/connectorFramework/connector_toolkit-1.0.4709/XML/build:/home/slogum/Dropbox/workspace/java/JavaLibs/junit/junit-4.5.jar:/home/slogum/Software/GlassFishESBv22/netbeans/java2/ant/lib/ant-launcher.jar:/home/slogum/Software/GlassFishESBv22/netbeans/java2/ant/lib/ant.jar:/home/slogum/Software/GlassFishESBv22/netbeans/java2/ant/patches/72080.jar" />
    <property name="project.name" value="connector-xml" />
    <property name="sun.java2d.noddraw" value="true" />
    <property name="java.vm.specification.name" value="Java Virtual Machine Specification" />
    <property name="jdk.home" value="/usr/lib/jvm/default-java" />
    <property name="org.openide.specification.version" value="6.2" />
    <property name="java.vm.specification.version" value="1.0" />
    <property name="org.netbeans.core.startup.specialResource" value="nullcom.sun.jdo.api.persistence.mapping.ejb" />
    <property name="sun.cpu.endian" value="little" />
    <property name="sun.os.patch.level" value="unknown" />
    <property name="java.io.tmpdir" value="/tmp" />
    <property name="java.vendor.url.bug" value="http://java.sun.com/cgi-bin/bugreport.cgi" />
    <property name="thirdpartyreadme.file" value="/home/slogum/workspace/Forgerock/connectorFramework/connector_toolkit-1.0.4709/THIRDPARTYREADME.txt" />
    <property name="netbeans.dirs" value="/home/slogum/Software/GlassFishESBv22/netbeans/nb6.7:/home/slogum/Software/GlassFishESBv22/netbeans/ide11:/home/slogum/Software/GlassFishESBv22/netbeans/java2:/home/slogum/Software/GlassFishESBv22/netbeans/xml2:/home/slogum/Software/GlassFishESBv22/netbeans/apisupport1:/home/slogum/Software/GlassFishESBv22/netbeans/webcommon1:/home/slogum/Software/GlassFishESBv22/netbeans/websvccommon1:/home/slogum/Software/GlassFishESBv22/netbeans/enterprise5:/home/slogum/Software/GlassFishESBv22/netbeans/mobility8:/home/slogum/Software/GlassFishESBv22/netbeans/profiler3:/home/slogum/Software/GlassFishESBv22/netbeans/bin/../ruby2:/home/slogum/Software/GlassFishESBv22/netbeans/bin/../python1:/home/slogum/Software/GlassFishESBv22/netbeans/bin/../php1:/home/slogum/Software/GlassFishESBv22/netbeans/bin/../visualweb2:/home/slogum/Software/GlassFishESBv22/netbeans/soa2:/home/slogum/Software/GlassFishESBv22/netbeans/identity2:/home/slogum/Software/GlassFishESBv22/netbeans/bin/../uml6:/home/slogum/Software/GlassFishESBv22/netbeans/harness:/home/slogum/Software/GlassFishESBv22/netbeans/bin/../cnd2:/home/slogum/Software/GlassFishESBv22/netbeans/bin/../dlight1:/home/slogum/Software/GlassFishESBv22/netbeans/bin/../groovy1:/home/slogum/Software/GlassFishESBv22/netbeans/bin/../extra:/home/slogum/Software/GlassFishESBv22/netbeans/bin/../javafx2:/home/slogum/Software/GlassFishESBv22/netbeans/bin/../{ide-cluster}:/home/slogum/Software/GlassFishESBv22/netbeans/bin/../{xml-cluster}:" />
    <property name="netbeans.autoupdate.language" value="en" />
    <property name="data.provider" value="org.identityconnectors.contract.data.GroovyDataProvider" />
    <property name="java.awt.graphicsenv" value="sun.awt.X11GraphicsEnvironment" />
    <property name="os.arch" value="i386" />
    <property name="java.util.logging.config.class" value="org.netbeans.core.startup.TopLogging" />
    <property name="java.ext.dirs" value="/usr/lib/jvm/java-6-openjdk/jre/lib/ext:/usr/java/packages/lib/ext" />
    <property name="SVN_REVISION" value="x" />
    <property name="build.compiler.emacs" value="true" />
    <property name="user.dir" value="/home/slogum/workspace/Forgerock/connectorFramework/connector_toolkit-1.0.4709/XML" />
    <property name="line.separator" value="
" />
    <property name="java.vm.name" value="OpenJDK Server VM" />
    <property name="BUILD_NUMBER" value="x" />
    <property name="ConnectorBundle-Version" value="1.0.0" />
    <property name="basedir" value="/home/slogum/workspace/Forgerock/connectorFramework/connector_toolkit-1.0.4709/XML" />
    <property name="ant.java.version" value="1.6" />
    <property name="maven.mode.standalone" value="true" />
    <property name="ant.core.lib" value="/home/slogum/Software/GlassFishESBv22/netbeans/java2/ant/lib/ant.jar" />
    <property name="file.encoding" value="UTF-8" />
    <property name="contract.suite.classname" value="org.identityconnectors.contract.test.ContractTestSuite" />
    <property name="netbeans.system_http_non_proxy_hosts" value="" />
    <property name="configuration" value="default" />
    <property name="java.specification.version" value="1.6" />
  </properties>
  <testcase classname="com.forgerock.openconnector.xml.XMLHandlerTests" name="getXmlFilePathShouldReturnConstructorInput" time="0.056" />
  <testcase classname="com.forgerock.openconnector.xml.XMLHandlerTests" name="blankStringInConstructorShouldThrowException" time="0.009" />
  <testcase classname="com.forgerock.openconnector.xml.XMLHandlerTests" name="nullInConstructorShouldThrowException" time="0.006" />
  <system-out><![CDATA[Thread Id: 1	Time: 2/1/11 7:27 PM	Class: com.forgerock.openconnector.xml.XMLHandlerImpl	Method: buildDocument	Level: INFO	Message: Entry buildDocument
Thread Id: 1	Time: 2/1/11 7:27 PM	Class: com.forgerock.openconnector.xml.XMLHandlerImpl	Method: loadXmlFile	Level: INFO	Message: Entry getXmlFile
Thread Id: 1	Time: 2/1/11 7:27 PM	Class: com.forgerock.openconnector.xml.XMLHandlerImpl	Method: loadXmlFile	Level: INFO	Message: XML file was not found. Creating a new xml file on the path: testusers.xml
Thread Id: 1	Time: 2/1/11 7:27 PM	Class: com.forgerock.openconnector.xml.XMLHandlerImpl	Method: loadXmlFile	Level: INFO	Message: Exit getXmlFile
Thread Id: 1	Time: 2/1/11 7:27 PM	Class: com.forgerock.openconnector.xml.XMLHandlerImpl	Method: buildDocument	Level: INFO	Message: Exit buildDocument
Thread Id: 1	Time: 2/1/11 7:27 PM	Class: com.forgerock.openconnector.xml.XMLHandlerImpl	Method: buildDocument	Level: INFO	Message: Entry buildDocument
Thread Id: 1	Time: 2/1/11 7:27 PM	Class: com.forgerock.openconnector.xml.XMLHandlerImpl	Method: loadXmlFile	Level: INFO	Message: Entry getXmlFile
Thread Id: 1	Time: 2/1/11 7:27 PM	Class: com.forgerock.openconnector.xml.XMLHandlerImpl	Method: loadXmlFile	Level: INFO	Message: XML file was not found. Creating a new xml file on the path: testusers.xml
Thread Id: 1	Time: 2/1/11 7:27 PM	Class: com.forgerock.openconnector.xml.XMLHandlerImpl	Method: loadXmlFile	Level: INFO	Message: Exit getXmlFile
Thread Id: 1	Time: 2/1/11 7:27 PM	Class: com.forgerock.openconnector.xml.XMLHandlerImpl	Method: buildDocument	Level: INFO	Message: Exit buildDocument
Thread Id: 1	Time: 2/1/11 7:27 PM	Class: com.forgerock.openconnector.xml.XMLHandlerImpl	Method: buildDocument	Level: INFO	Message: Entry buildDocument
Thread Id: 1	Time: 2/1/11 7:27 PM	Class: com.forgerock.openconnector.xml.XMLHandlerImpl	Method: loadXmlFile	Level: INFO	Message: Entry getXmlFile
Thread Id: 1	Time: 2/1/11 7:27 PM	Class: com.forgerock.openconnector.xml.XMLHandlerImpl	Method: loadXmlFile	Level: INFO	Message: XML file was not found. Creating a new xml file on the path: testusers.xml
Thread Id: 1	Time: 2/1/11 7:27 PM	Class: com.forgerock.openconnector.xml.XMLHandlerImpl	Method: loadXmlFile	Level: INFO	Message: Exit getXmlFile
Thread Id: 1	Time: 2/1/11 7:27 PM	Class: com.forgerock.openconnector.xml.XMLHandlerImpl	Method: buildDocument	Level: INFO	Message: Exit buildDocument
]]></system-out>
  <system-err><![CDATA[]]></system-err>
</testsuite>
